2026-03-30 18:40:34.069 INFO  [cyber-worker] [work-async-executor-7] com.datacyber.cyberdata.common.task.datasource.JdbcDialectPluginHolder - no cache,init jdbcDialect connectionInfo:2012802384123506689
2026-03-30 18:40:34.069 INFO  [cyber-worker] [work-async-executor-7] com.datacyber.cyberdata.common.task.datasource.JdbcDialectPluginHolder - dialect map size:0
2026-03-30 18:40:34.069 INFO  [cyber-worker] [work-async-executor-7] com.datacyber.cyberdata.worker.service.accessor.AbstractMetaDataAccessService - getTables,  schema:ysmtest,tables:null
2026-03-30 18:40:35.160 ERROR [cyber-worker] [work-async-executor-7] com.datacyber.cyberdata.worker.service.accessor.impl.HiveAccessService - 获取Hive元数据信息(表信息)异常:
java.lang.RuntimeException: Authentication: kerberos 登录失败: Could not connect to meta store using any of the URIs provided. Most recent failure: org.apache.thrift.transport.TTransportException: Peer indicated failure: GSS initiate failed
        at org.apache.thrift.transport.TSaslTransport.receiveSaslMessage(TSaslTransport.java:199)
        at org.apache.thrift.transport.TSaslTransport.open(TSaslTransport.java:277)
        at org.apache.thrift.transport.TSaslClientTransport.open(TSaslClientTransport.java:37)
        at org.apache.hadoop.hive.metastore.security.TUGIAssumingTransport$1.run(TUGIAssumingTransport.java:51)
        at org.apache.hadoop.hive.metastore.security.TUGIAssumingTransport$1.run(TUGIAssumingTransport.java:48)
        at java.base/java.security.AccessController.doPrivileged(Native Method)
        at java.base/javax.security.auth.Subject.doAs(Subject.java:423)
        at org.apache.hadoop.security.UserGroupInformation.doAs(UserGroupInformation.java:1878)
        at org.apache.hadoop.hive.metastore.security.TUGIAssumingTransport.open(TUGIAssumingTransport.java:48)
        at org.apache.hadoop.hive.metastore.HiveMetaStoreClient.open(HiveMetaStoreClient.java:516)
        at org.apache.hadoop.hive.metastore.HiveMetaStoreClient.<init>(HiveMetaStoreClient.java:224)
        at org.apache.hadoop.hive.metastore.HiveMetaStoreClient.<init>(HiveMetaStoreClient.java:137)
        at com.datacyber.cybermeta.jdbc.plugins.jdbc.hive.HiveMetastoreHelper.createClient(HiveMetastoreHelper.java:113)
        at com.datacyber.cybermeta.jdbc.plugins.Hive3Plugin$HiveJdbcDialect.withMetastoreClient(Hive3Plugin.java:108)
        at com.datacyber.cybermeta.jdbc.plugins.Hive3Plugin$HiveJdbcDialect.lambda$getSchemaTables$8(Hive3Plugin.java:300)
        at java.base/java.security.AccessController.doPrivileged(Native Method)
        at java.base/javax.security.auth.Subject.doAs(Subject.java:423)
        at org.apache.hadoop.security.UserGroupInformation.doAs(UserGroupInformation.java:1878)
        at com.datacyber.cybermeta.jdbc.plugins.Hive3Plugin$HiveJdbcDialect.runSecured(Hive3Plugin.java:161)
        at com.datacyber.cybermeta.jdbc.plugins.Hive3Plugin$HiveJdbcDialect.getSchemaTables(Hive3Plugin.java:300)
        at com.datacyber.cyberdata.worker.service.accessor.AbstractMetaDataAccessService.getTableInfos(AbstractMetaDataAccessService.java:75)
        at com.datacyber.cyberdata.worker.service.accessor.impl.HiveAccessService.listMetaDataTables(HiveAccessService.java:78)
        at com.datacyber.cyberdata.worker.service.metadata.MetadataCollectorService.collect(MetadataCollectorService.java:215)
        at com.datacyber.cyberdata.worker.service.metadata.MetadataCollectorService$$FastClassBySpringCGLIB$$d292a704.invoke(<generated>)
        at org.springframework.cglib.proxy.MethodProxy.invoke(MethodProxy.java:218)
        at org.springframework.aop.framework.CglibAopProxy$CglibMethodInvocation.invokeJoinpoint(CglibAopProxy.java:792)
        at org.springframework.aop.framework.ReflectiveMethodInvocation.proceed(ReflectiveMethodInvocation.java:163)
        at org.springframework.aop.framework.CglibAopProxy$CglibMethodInvocation.proceed(CglibAopProxy.java:762)
        at datadog.trace.instrumentation.springscheduling.SpannedMethodInvocation.invokeWithSpan(SpannedMethodInvocation.java:50)
        at datadog.trace.instrumentation.springscheduling.SpannedMethodInvocation.invokeWithContinuation(SpannedMethodInvocation.java:42)
        at datadog.trace.instrumentation.springscheduling.SpannedMethodInvocation.proceed(SpannedMethodInvocation.java:36)
        at org.springframework.aop.interceptor.AsyncExecutionInterceptor.lambda$invoke$0(AsyncExecutionInterceptor.java:115)
        at java.base/java.util.concurrent.FutureTask.run(FutureTask.java:264)
        at java.base/java.util.concurrent.ThreadPoolExecutor.runWorker(ThreadPoolExecutor.java:1128)
        at java.base/java.util.concurrent.ThreadPoolExecutor$Worker.run(ThreadPoolExecutor.java:628)
        at java.base/java.lang.Thread.run(Thread.java:829)

        at com.datacyber.cybermeta.jdbc.plugins.Hive3Plugin$HiveJdbcDialect.runSecured(Hive3Plugin.java:170)
        at com.datacyber.cybermeta.jdbc.plugins.Hive3Plugin$HiveJdbcDialect.getSchemaTables(Hive3Plugin.java:300)
        at com.datacyber.cyberdata.worker.service.accessor.AbstractMetaDataAccessService.getTableInfos(AbstractMetaDataAccessService.java:75)
        at com.datacyber.cyberdata.worker.service.accessor.impl.HiveAccessService.listMetaDataTables(HiveAccessService.java:78)
        at com.datacyber.cyberdata.worker.service.metadata.MetadataCollectorService.collect(MetadataCollectorService.java:215)
        at com.datacyber.cyberdata.worker.service.metadata.MetadataCollectorService$$FastClassBySpringCGLIB$$d292a704.invoke(<generated>)
        at org.springframework.cglib.proxy.MethodProxy.invoke(MethodProxy.java:218)
        at org.springframework.aop.framework.CglibAopProxy$CglibMethodInvocation.invokeJoinpoint(CglibAopProxy.java:792)
        at org.springframework.aop.framework.ReflectiveMethodInvocation.proceed(ReflectiveMethodInvocation.java:163)
        at org.springframework.aop.framework.CglibAopProxy$CglibMethodInvocation.proceed(CglibAopProxy.java:762)
        at datadog.trace.instrumentation.springscheduling.SpannedMethodInvocation.invokeWithSpan(SpannedMethodInvocation.java:50)
        at datadog.trace.instrumentation.springscheduling.SpannedMethodInvocation.invokeWithContinuation(SpannedMethodInvocation.java:42)
        at datadog.trace.instrumentation.springscheduling.SpannedMethodInvocation.proceed(SpannedMethodInvocation.java:36)
        at org.springframework.aop.interceptor.AsyncExecutionInterceptor.lambda$invoke$0(AsyncExecutionInterceptor.java:115)
        at java.base/java.util.concurrent.FutureTask.run(FutureTask.java:264)
        at java.base/java.util.concurrent.ThreadPoolExecutor.runWorker(ThreadPoolExecutor.java:1128)
        at java.base/java.util.concurrent.ThreadPoolExecutor$Worker.run(ThreadPoolExecutor.java:628)
        at java.base/java.lang.Thread.run(Thread.java:829)
Caused by: java.lang.RuntimeException: Failed to use HiveMetaStoreClient: Failed to create HiveMetaStoreClient: Could not connect to meta store using any of the URIs provided. Most recent failure: org.apache.thrift.transport.TTransportException: Peer indicated failure: GSS initiate failed
        at org.apache.thrift.transport.TSaslTransport.receiveSaslMessage(TSaslTransport.java:199)
        at org.apache.thrift.transport.TSaslTransport.open(TSaslTransport.java:277)
        at org.apache.thrift.transport.TSaslClientTransport.open(TSaslClientTransport.java:37)
        at org.apache.hadoop.hive.metastore.security.TUGIAssumingTransport$1.run(TUGIAssumingTransport.java:51)
        at org.apache.hadoop.hive.metastore.security.TUGIAssumingTransport$1.run(TUGIAssumingTransport.java:48)
        at java.base/java.security.AccessController.doPrivileged(Native Method)
        at java.base/javax.security.auth.Subject.doAs(Subject.java:423)
        at org.apache.hadoop.security.UserGroupInformation.doAs(UserGroupInformation.java:1878)
        at org.apache.hadoop.hive.metastore.security.TUGIAssumingTransport.open(TUGIAssumingTransport.java:48)
        at org.apache.hadoop.hive.metastore.HiveMetaStoreClient.open(HiveMetaStoreClient.java:516)
        at org.apache.hadoop.hive.metastore.HiveMetaStoreClient.<init>(HiveMetaStoreClient.java:224)
        at org.apache.hadoop.hive.metastore.HiveMetaStoreClient.<init>(HiveMetaStoreClient.java:137)
        at com.datacyber.cybermeta.jdbc.plugins.jdbc.hive.HiveMetastoreHelper.createClient(HiveMetastoreHelper.java:113)
        at com.datacyber.cybermeta.jdbc.plugins.Hive3Plugin$HiveJdbcDialect.withMetastoreClient(Hive3Plugin.java:108)
        at com.datacyber.cybermeta.jdbc.plugins.Hive3Plugin$HiveJdbcDialect.lambda$getSchemaTables$8(Hive3Plugin.java:300)
        at java.base/java.security.AccessController.doPrivileged(Native Method)
        at java.base/javax.security.auth.Subject.doAs(Subject.java:423)
        at org.apache.hadoop.security.UserGroupInformation.doAs(UserGroupInformation.java:1878)
        at com.datacyber.cybermeta.jdbc.plugins.Hive3Plugin$HiveJdbcDialect.runSecured(Hive3Plugin.java:161)
        at com.datacyber.cybermeta.jdbc.plugins.Hive3Plugin$HiveJdbcDialect.getSchemaTables(Hive3Plugin.java:300)
        at com.datacyber.cyberdata.worker.service.accessor.AbstractMetaDataAccessService.getTableInfos(AbstractMetaDataAccessService.java:75)
        at com.datacyber.cyberdata.worker.service.accessor.impl.HiveAccessService.listMetaDataTables(HiveAccessService.java:78)
        at com.datacyber.cyberdata.worker.service.metadata.MetadataCollectorService.collect(MetadataCollectorService.java:215)
        at com.datacyber.cyberdata.worker.service.metadata.MetadataCollectorService$$FastClassBySpringCGLIB$$d292a704.invoke(<generated>)
        at org.springframework.cglib.proxy.MethodProxy.invoke(MethodProxy.java:218)
        at org.springframework.aop.framework.CglibAopProxy$CglibMethodInvocation.invokeJoinpoint(CglibAopProxy.java:792)
        at org.springframework.aop.framework.ReflectiveMethodInvocation.proceed(ReflectiveMethodInvocation.java:163)
        at org.springframework.aop.framework.CglibAopProxy$CglibMethodInvocation.proceed(CglibAopProxy.java:762)
        at datadog.trace.instrumentation.springscheduling.SpannedMethodInvocation.invokeWithSpan(SpannedMethodInvocation.java:50)
        at datadog.trace.instrumentation.springscheduling.SpannedMethodInvocation.invokeWithContinuation(SpannedMethodInvocation.java:42)
        at datadog.trace.instrumentation.springscheduling.SpannedMethodInvocation.proceed(SpannedMethodInvocation.java:36)
        at org.springframework.aop.interceptor.AsyncExecutionInterceptor.lambda$invoke$0(AsyncExecutionInterceptor.java:115)
        at java.base/java.util.concurrent.FutureTask.run(FutureTask.java:264)
        at java.base/java.util.concurrent.ThreadPoolExecutor.runWorker(ThreadPoolExecutor.java:1128)
        at java.base/java.util.concurrent.ThreadPoolExecutor$Worker.run(ThreadPoolExecutor.java:628)
        at java.base/java.lang.Thread.run(Thread.java:829)

        at com.datacyber.cybermeta.jdbc.plugins.Hive3Plugin$HiveJdbcDialect.withMetastoreClient(Hive3Plugin.java:113)
        at com.datacyber.cybermeta.jdbc.plugins.Hive3Plugin$HiveJdbcDialect.lambda$getSchemaTables$8(Hive3Plugin.java:300)
        at java.base/java.security.AccessController.doPrivileged(Native Method)
        at java.base/javax.security.auth.Subject.doAs(Subject.java:423)
        at org.apache.hadoop.security.UserGroupInformation.doAs(UserGroupInformation.java:1878)
        at com.datacyber.cybermeta.jdbc.plugins.Hive3Plugin$HiveJdbcDialect.runSecured(Hive3Plugin.java:161)
        ... 17 common frames omitted
Caused by: java.lang.RuntimeException: Failed to create HiveMetaStoreClient: Could not connect to meta store using any of the URIs provided. Most recent failure: org.apache.thrift.transport.TTransportException: Peer indicated failure: GSS initiate failed
        at org.apache.thrift.transport.TSaslTransport.receiveSaslMessage(TSaslTransport.java:199)
        at org.apache.thrift.transport.TSaslTransport.open(TSaslTransport.java:277)
        at org.apache.thrift.transport.TSaslClientTransport.open(TSaslClientTransport.java:37)
        at org.apache.hadoop.hive.metastore.security.TUGIAssumingTransport$1.run(TUGIAssumingTransport.java:51)
        at org.apache.hadoop.hive.metastore.security.TUGIAssumingTransport$1.run(TUGIAssumingTransport.java:48)
        at java.base/java.security.AccessController.doPrivileged(Native Method)
        at java.base/javax.security.auth.Subject.doAs(Subject.java:423)
        at org.apache.hadoop.security.UserGroupInformation.doAs(UserGroupInformation.java:1878)
        at org.apache.hadoop.hive.metastore.security.TUGIAssumingTransport.open(TUGIAssumingTransport.java:48)
        at org.apache.hadoop.hive.metastore.HiveMetaStoreClient.open(HiveMetaStoreClient.java:516)
        at org.apache.hadoop.hive.metastore.HiveMetaStoreClient.<init>(HiveMetaStoreClient.java:224)
        at org.apache.hadoop.hive.metastore.HiveMetaStoreClient.<init>(HiveMetaStoreClient.java:137)
        at com.datacyber.cybermeta.jdbc.plugins.jdbc.hive.HiveMetastoreHelper.createClient(HiveMetastoreHelper.java:113)
        at com.datacyber.cybermeta.jdbc.plugins.Hive3Plugin$HiveJdbcDialect.withMetastoreClient(Hive3Plugin.java:108)
        at com.datacyber.cybermeta.jdbc.plugins.Hive3Plugin$HiveJdbcDialect.lambda$getSchemaTables$8(Hive3Plugin.java:300)
        at java.base/java.security.AccessController.doPrivileged(Native Method)
        at java.base/javax.security.auth.Subject.doAs(Subject.java:423)
        at org.apache.hadoop.security.UserGroupInformation.doAs(UserGroupInformation.java:1878)
        at com.datacyber.cybermeta.jdbc.plugins.Hive3Plugin$HiveJdbcDialect.runSecured(Hive3Plugin.java:161)
        at com.datacyber.cybermeta.jdbc.plugins.Hive3Plugin$HiveJdbcDialect.getSchemaTables(Hive3Plugin.java:300)
        at com.datacyber.cyberdata.worker.service.accessor.AbstractMetaDataAccessService.getTableInfos(AbstractMetaDataAccessService.java:75)
        at com.datacyber.cyberdata.worker.service.accessor.impl.HiveAccessService.listMetaDataTables(HiveAccessService.java:78)
        at com.datacyber.cyberdata.worker.service.metadata.MetadataCollectorService.collect(MetadataCollectorService.java:215)
        at com.datacyber.cyberdata.worker.service.metadata.MetadataCollectorService$$FastClassBySpringCGLIB$$d292a704.invoke(<generated>)
        at org.springframework.cglib.proxy.MethodProxy.invoke(MethodProxy.java:218)
        at org.springframework.aop.framework.CglibAopProxy$CglibMethodInvocation.invokeJoinpoint(CglibAopProxy.java:792)
        at org.springframework.aop.framework.ReflectiveMethodInvocation.proceed(ReflectiveMethodInvocation.java:163)
        at org.springframework.aop.framework.CglibAopProxy$CglibMethodInvocation.proceed(CglibAopProxy.java:762)
        at datadog.trace.instrumentation.springscheduling.SpannedMethodInvocation.invokeWithSpan(SpannedMethodInvocation.java:50)
        at datadog.trace.instrumentation.springscheduling.SpannedMethodInvocation.invokeWithContinuation(SpannedMethodInvocation.java:42)
        at datadog.trace.instrumentation.springscheduling.SpannedMethodInvocation.proceed(SpannedMethodInvocation.java:36)
        at org.springframework.aop.interceptor.AsyncExecutionInterceptor.lambda$invoke$0(AsyncExecutionInterceptor.java:115)
        at java.base/java.util.concurrent.FutureTask.run(FutureTask.java:264)
        at java.base/java.util.concurrent.ThreadPoolExecutor.runWorker(ThreadPoolExecutor.java:1128)
        at java.base/java.util.concurrent.ThreadPoolExecutor$Worker.run(ThreadPoolExecutor.java:628)
        at java.base/java.lang.Thread.run(Thread.java:829)

        at com.datacyber.cybermeta.jdbc.plugins.jdbc.hive.HiveMetastoreHelper.createClient(HiveMetastoreHelper.java:125)
        at com.datacyber.cybermeta.jdbc.plugins.Hive3Plugin$HiveJdbcDialect.withMetastoreClient(Hive3Plugin.java:108)
        ... 22 common frames omitted
Caused by: org.apache.hadoop.hive.metastore.api.MetaException: Could not connect to meta store using any of the URIs provided. Most recent failure: org.apache.thrift.transport.TTransportException: Peer indicated failure: GSS initiate failed
        at org.apache.thrift.transport.TSaslTransport.receiveSaslMessage(TSaslTransport.java:199)
        at org.apache.thrift.transport.TSaslTransport.open(TSaslTransport.java:277)
        at org.apache.thrift.transport.TSaslClientTransport.open(TSaslClientTransport.java:37)
        at org.apache.hadoop.hive.metastore.security.TUGIAssumingTransport$1.run(TUGIAssumingTransport.java:51)
        at org.apache.hadoop.hive.metastore.security.TUGIAssumingTransport$1.run(TUGIAssumingTransport.java:48)
        at java.base/java.security.AccessController.doPrivileged(Native Method)
        at java.base/javax.security.auth.Subject.doAs(Subject.java:423)
        at org.apache.hadoop.security.UserGroupInformation.doAs(UserGroupInformation.java:1878)
        at org.apache.hadoop.hive.metastore.security.TUGIAssumingTransport.open(TUGIAssumingTransport.java:48)
        at org.apache.hadoop.hive.metastore.HiveMetaStoreClient.open(HiveMetaStoreClient.java:516)
        at org.apache.hadoop.hive.metastore.HiveMetaStoreClient.<init>(HiveMetaStoreClient.java:224)
        at org.apache.hadoop.hive.metastore.HiveMetaStoreClient.<init>(HiveMetaStoreClient.java:137)
        at com.datacyber.cybermeta.jdbc.plugins.jdbc.hive.HiveMetastoreHelper.createClient(HiveMetastoreHelper.java:113)
        at com.datacyber.cybermeta.jdbc.plugins.Hive3Plugin$HiveJdbcDialect.withMetastoreClient(Hive3Plugin.java:108)
        at com.datacyber.cybermeta.jdbc.plugins.Hive3Plugin$HiveJdbcDialect.lambda$getSchemaTables$8(Hive3Plugin.java:300)
        at java.base/java.security.AccessController.doPrivileged(Native Method)
        at java.base/javax.security.auth.Subject.doAs(Subject.java:423)
        at org.apache.hadoop.security.UserGroupInformation.doAs(UserGroupInformation.java:1878)
        at com.datacyber.cybermeta.jdbc.plugins.Hive3Plugin$HiveJdbcDialect.runSecured(Hive3Plugin.java:161)
        at com.datacyber.cybermeta.jdbc.plugins.Hive3Plugin$HiveJdbcDialect.getSchemaTables(Hive3Plugin.java:300)
        at com.datacyber.cyberdata.worker.service.accessor.AbstractMetaDataAccessService.getTableInfos(AbstractMetaDataAccessService.java:75)
        at com.datacyber.cyberdata.worker.service.accessor.impl.HiveAccessService.listMetaDataTables(HiveAccessService.java:78)
        at com.datacyber.cyberdata.worker.service.metadata.MetadataCollectorService.collect(MetadataCollectorService.java:215)
        at com.datacyber.cyberdata.worker.service.metadata.MetadataCollectorService$$FastClassBySpringCGLIB$$d292a704.invoke(<generated>)
        at org.springframework.cglib.proxy.MethodProxy.invoke(MethodProxy.java:218)
        at org.springframework.aop.framework.CglibAopProxy$CglibMethodInvocation.invokeJoinpoint(CglibAopProxy.java:792)
        at org.springframework.aop.framework.ReflectiveMethodInvocation.proceed(ReflectiveMethodInvocation.java:163)
        at org.springframework.aop.framework.CglibAopProxy$CglibMethodInvocation.proceed(CglibAopProxy.java:762)
        at datadog.trace.instrumentation.springscheduling.SpannedMethodInvocation.invokeWithSpan(SpannedMethodInvocation.java:50)
        at datadog.trace.instrumentation.springscheduling.SpannedMethodInvocation.invokeWithContinuation(SpannedMethodInvocation.java:42)
        at datadog.trace.instrumentation.springscheduling.SpannedMethodInvocation.proceed(SpannedMethodInvocation.java:36)
        at org.springframework.aop.interceptor.AsyncExecutionInterceptor.lambda$invoke$0(AsyncExecutionInterceptor.java:115)
        at java.base/java.util.concurrent.FutureTask.run(FutureTask.java:264)
        at java.base/java.util.concurrent.ThreadPoolExecutor.runWorker(ThreadPoolExecutor.java:1128)
        at java.base/java.util.concurrent.ThreadPoolExecutor$Worker.run(ThreadPoolExecutor.java:628)
        at java.base/java.lang.Thread.run(Thread.java:829)

        at org.apache.hadoop.hive.metastore.HiveMetaStoreClient.open(HiveMetaStoreClient.java:565)
        at org.apache.hadoop.hive.metastore.HiveMetaStoreClient.<init>(HiveMetaStoreClient.java:224)
        at org.apache.hadoop.hive.metastore.HiveMetaStoreClient.<init>(HiveMetaStoreClient.java:137)
        at com.datacyber.cybermeta.jdbc.plugins.jdbc.hive.HiveMetastoreHelper.createClient(HiveMetastoreHelper.java:113)
        ... 23 common frames omitted
2026-03-30 18:40:35.161 ERROR [cyber-worker] [work-async-executor-7] com.datacyber.cyberdata.worker.service.metadata.MetadataCollectorService - collect metadata has exception, recordId:71625com.datacyber.metaserver.common.exception.MetadataException: 获取Hive元数据信息(表信息)异常:java.lang.RuntimeException: Authentication: kerberos 登录失败: Could not connect to meta store using any of the URIs provided. Most recent failure: org.apache.thrift.transport.TTransportException: Peer indicated failure: GSS initiate failed
        at org.apache.thrift.transport.TSaslTransport.receiveSaslMessage(TSaslTransport.java:199)
        at org.apache.thrift.transport.TSaslTransport.open(TSaslTransport.java:277)
        at org.apache.thrift.transport.TSaslClientTransport.open(TSaslClientTransport.java:37)
        at org.apache.hadoop.hive.metastore.security.TUGIAssumingTransport$1.run(TUGIAssumingTransport.java:51)
        at org.apache.hadoop.hive.metastore.security.TUGIAssumingTransport$1.run(TUGIAssumingTransport.java:48)
        at java.base/java.security.AccessController.doPrivileged(Native Method)
        at java.base/javax.security.auth.Subject.doAs(Subject.java:423)
        at org.apache.hadoop.security.UserGroupInformation.doAs(UserGroupInformation.java:1878)
        at org.apache.hadoop.hive.metastore.security.TUGIAssumingTransport.open(TUGIAssumingTransport.java:48)
        at org.apache.hadoop.hive.metastore.HiveMetaStoreClient.open(HiveMetaStoreClient.java:516)
        at org.apache.hadoop.hive.metastore.HiveMetaStoreClient.<init>(HiveMetaStoreClient.java:224)
        at org.apache.hadoop.hive.metastore.HiveMetaStoreClient.<init>(HiveMetaStoreClient.java:137)
        at com.datacyber.cybermeta.jdbc.plugins.jdbc.hive.HiveMetastoreHelper.createClient(HiveMetastoreHelper.java:113)
        at com.datacyber.cybermeta.jdbc.plugins.Hive3Plugin$HiveJdbcDialect.withMetastoreClient(Hive3Plugin.java:108)
        at com.datacyber.cybermeta.jdbc.plugins.Hive3Plugin$HiveJdbcDialect.lambda$getSchemaTables$8(Hive3Plugin.java:300)
        at java.base/java.security.AccessController.doPrivileged(Native Method)
        at java.base/javax.security.auth.Subject.doAs(Subject.java:423)
        at org.apache.hadoop.security.UserGroupInformation.doAs(UserGroupInformation.java:1878)
        at com.datacyber.cybermeta.jdbc.plugins.Hive3Plugin$HiveJdbcDialect.runSecured(Hive3Plugin.java:161)
        at com.datacyber.cybermeta.jdbc.plugins.Hive3Plugin$HiveJdbcDialect.getSchemaTables(Hive3Plugin.java:300)
        at com.datacyber.cyberdata.worker.service.accessor.AbstractMetaDataAccessService.getTableInfos(AbstractMetaDataAccessService.java:75)
        at com.datacyber.cyberdata.worker.service.accessor.impl.HiveAccessService.listMetaDataTables(HiveAccessService.java:78)
        at com.datacyber.cyberdata.worker.service.metadata.MetadataCollectorService.collect(MetadataCollectorService.java:215)
        at com.datacyber.cyberdata.worker.service.metadata.MetadataCollectorService$$FastClassBySpringCGLIB$$d292a704.invoke(<generated>)
        at org.springframework.cglib.proxy.MethodProxy.invoke(MethodProxy.java:218)
        at org.springframework.aop.framework.CglibAopProxy$CglibMethodInvocation.invokeJoinpoint(CglibAopProxy.java:792)
        at org.springframework.aop.framework.ReflectiveMethodInvocation.proceed(ReflectiveMethodInvocation.java:163)
        at org.springframework.aop.framework.CglibAopProxy$CglibMethodInvocation.proceed(CglibAopProxy.java:762)
        at datadog.trace.instrumentation.springscheduling.SpannedMethodInvocation.invokeWithSpan(SpannedMethodInvocation.java:50)
        at datadog.trace.instrumentation.springscheduling.SpannedMethodInvocation.invokeWithContinuation(SpannedMethodInvocation.java:42)
        at datadog.trace.instrumentation.springscheduling.SpannedMethodInvocation.proceed(SpannedMethodInvocation.java:36)
        at org.springframework.aop.interceptor.AsyncExecutionInterceptor.lambda$invoke$0(AsyncExecutionInterceptor.java:115)
        at java.base/java.util.concurrent.FutureTask.run(FutureTask.java:264)
        at java.base/java.util.concurrent.ThreadPoolExecutor.runWorker(ThreadPoolExecutor.java:1128)
        at java.base/java.util.concurrent.ThreadPoolExecutor$Worker.run(ThreadPoolExecutor.java:628)
        at java.base/java.lang.Thread.run(Thread.java:829)

2026-03-30 18:40:38.872 INFO  [cyber-worker] [pool-17-thread-1] com.datacyber.cyberdata.worker.HdfsTempFileDeleteService - HdfsTempFileDeleteService_线程扫描...
^C













[arthas@1]$ watch org.apache.hadoop.security.UserGroupInformation loginUserFromKeytabAndReturnUGI '{params,returnObj,throwExp}'  -n 5  -x 3 
Press Q or Ctrl+C to abort.
Affect(class count: 1 , method count: 1) cost in 192 ms, listenerId: 2
method=org.apache.hadoop.security.UserGroupInformation.loginUserFromKeytabAndReturnUGI location=AtExit
ts=2026-03-30 18:20:03.992; [cost=43.40137ms] result=@ArrayList[
    @Object[][
        @String[u_shuxin_test],
        @String[/home/datac/tmp/kerberos/kerberos_b8902c72cfe8da622fafa0c1e5e6185b_028270b159163e287eeebb3fa7f8f328.keytab],
    ],
    @UserGroupInformation[
        LOG=@Logger[
            serialVersionUID=@Long[5454405123156820674],
            FQCN=@String[ch.qos.logback.classic.Logger],
            name=@String[org.apache.hadoop.security.UserGroupInformation],
            level=null,
            effectiveLevelInt=@Integer[20000],
            parent=@Logger[Logger[org.apache.hadoop.security]],
            childrenList=null,
            aai=null,
            additive=@Boolean[true],
            loggerContext=@LoggerContext[ch.qos.logback.classic.LoggerContext[cyber-worker]],
        ],
        TICKET_RENEW_WINDOW=@Float[0.8],
        shouldRenewImmediatelyForTests=@Boolean[false],
        HADOOP_USER_NAME=@String[HADOOP_USER_NAME],
        HADOOP_PROXY_USER=@String[HADOOP_PROXY_USER],
        metrics=@UgiMetrics[
            registry=@MetricsRegistry[MetricsRegistry{info=MetricsInfoImpl{name=UgiMetrics, description=UgiMetrics}, tags=[MetricsTag{info=MsInfo{name=Context, description=Metrics context}, value=ugi}], metrics=[Samples = 0  Min = 3.4028234663852886E38  Mean = 0.0  Std Dev = 0.0  Max = 1.401298464324817E-45, Samples = 0  Min = 3.4028234663852886E38  Mean = 0.0  Std Dev = 0.0  Max = 1.401298464324817E-45, Samples = 11  Min = 12.0  Mean = 35.54545454545455  Std Dev = 66.44751859379497  Max = 234.0, 0, 0]}],
            loginSuccess=@MutableRate[Samples = 11  Min = 12.0  Mean = 35.54545454545455  Std Dev = 66.44751859379497  Max = 234.0],
            loginFailure=@MutableRate[Samples = 0  Min = 3.4028234663852886E38  Mean = 0.0  Std Dev = 0.0  Max = 1.401298464324817E-45],
            getGroups=@MutableRate[Samples = 0  Min = 3.4028234663852886E38  Mean = 0.0  Std Dev = 0.0  Max = 1.401298464324817E-45],
            getGroupsQuantiles=null,
            renewalFailuresTotal=@MutableGaugeLong[0],
            renewalFailures=@MutableGaugeInt[0],
        ],
        authenticationMethod=@AuthenticationMethod[
            SIMPLE=@AuthenticationMethod[SIMPLE],
            KERBEROS=@AuthenticationMethod[KERBEROS],
            TOKEN=@AuthenticationMethod[TOKEN],
            CERTIFICATE=@AuthenticationMethod[CERTIFICATE],
            KERBEROS_SSL=@AuthenticationMethod[KERBEROS_SSL],
            PROXY=@AuthenticationMethod[PROXY],
            authMethod=@AuthMethod[KERBEROS],
            loginAppName=@String[hadoop-kerberos],
            $VALUES=@AuthenticationMethod[][isEmpty=false;size=6],
            name=@String[KERBEROS],
            ordinal=@Integer[1],
        ],
        groups=@Groups[
            LOG=@Logger[Logger[org.apache.hadoop.security.Groups]],
            impl=@JniBasedUnixGroupsMappingWithFallback[org.apache.hadoop.security.JniBasedUnixGroupsMappingWithFallback@3639b1f8],
            cache=@LocalLoadingCache[org.apache.hadoop.thirdparty.com.google.common.cache.LocalCache$LocalLoadingCache@da2684d],
            staticMapRef=@AtomicReference[{dr.who=[]}],
            cacheTimeout=@Long[300000],
            negativeCacheTimeout=@Long[30000],
            warningDeltaMs=@Long[5000],
            timer=@Timer[org.apache.hadoop.util.Timer@de99d2],
            negativeCache=@SetFromMap[isEmpty=true;size=0],
            reloadGroupsInBackground=@Boolean[false],
            reloadGroupsThreadCount=@Integer[3],
            backgroundRefreshSuccess=@AtomicLong[0],
            backgroundRefreshException=@AtomicLong[0],
            backgroundRefreshQueued=@AtomicLong[0],
            backgroundRefreshRunning=@AtomicLong[0],
            GROUPS=@Groups[org.apache.hadoop.security.Groups@a5ad72d],
        ],
        kerberosMinSecondsBeforeRelogin=@Long[60000],
        kerberosKeyTabLoginRenewalEnabled=@Boolean[true],
        kerberosLoginRenewalExecutor=@Optional[
            EMPTY=@Optional[Optional.empty],
            value=null,
        ],
        conf=@Configuration[
            LOG=@Logger[Logger[org.apache.hadoop.conf.Configuration]],
            LOG_DEPRECATION=@Logger[Logger[org.apache.hadoop.conf.Configuration.deprecation]],
            TAGS=@KeySetView[isEmpty=false;size=14],
            quietmode=@Boolean[true],
            DEFAULT_STRING_CHECK=@String[testingforemptydefaultvalue],
            restrictSystemPropsDefault=@Boolean[false],
            restrictSystemProps=@Boolean[false],
            allowNullValueProperties=@Boolean[false],
            resources=@ArrayList[isEmpty=true;size=0],
            UNKNOWN_RESOURCE=@String[Unknown],
            finalParameters=@SetFromMap[isEmpty=false;size=2],
            loadDefaults=@Boolean[true],
            REGISTRY=@WeakHashMap[isEmpty=false;size=36],
            propertyTagsMap=@ConcurrentHashMap[isEmpty=true;size=0],
            defaultResources=@CopyOnWriteArrayList[isEmpty=false;size=6],
            CACHE_CLASSES=@WeakHashMap[isEmpty=false;size=2],
            NEGATIVE_CACHE_SENTINEL=@Class[class org.apache.hadoop.conf.Configuration$NegativeCacheSentinel],
            updatingResource=@ConcurrentHashMap[isEmpty=false;size=964],
            XML_INPUT_FACTORY=@WstxInputFactory[org.apache.hadoop.shaded.com.ctc.wstx.stax.WstxInputFactory@5ddc2ca0],
            defaultDeprecations=@DeprecationDelta[][isEmpty=false;size=8],
            deprecationContext=@AtomicReference[org.apache.hadoop.conf.Configuration$DeprecationContext@706fe955],
            properties=@Properties[isEmpty=false;size=964],
            overlay=@Properties[isEmpty=false;size=4],
            classLoader=@TomcatEmbeddedWebappClassLoader[TomcatEmbeddedWebappClassLoader
  context: ROOT
  delegate: true
----------> Parent Classloader:
org.springframework.boot.loader.LaunchedURLClassLoader@1860f3be
],
            MAX_SUBST=@Integer[20],
            SUB_START_IDX=@Integer[0],
            SUB_END_IDX=@Integer[1],
            $assertionsDisabled=@Boolean[true],
        ],
        HADOOP_TOKEN_FILE_LOCATION=@String[HADOOP_TOKEN_FILE_LOCATION],
        HADOOP_TOKEN=@String[HADOOP_TOKEN],
        loginUserRef=@AtomicReference[
            serialVersionUID=@Long[-1848883965231344442],
            VALUE=@FieldInstanceReadWrite[java.lang.invoke.VarHandleObjects$FieldInstanceReadWrite@4bf8c13a],
            value=null,
        ],
        subject=@Subject[
            serialVersionUID=@Long[-8308522755600156056],
            principals=@SynchronizedSet[isEmpty=false;size=2],
            pubCredentials=@SynchronizedSet[isEmpty=true;size=0],
            privCredentials=@SynchronizedSet[isEmpty=false;size=2],
            readOnly=@Boolean[false],
            PRINCIPAL_SET=@Integer[1],
            PUB_CREDENTIAL_SET=@Integer[2],
            PRIV_CREDENTIAL_SET=@Integer[3],
            NULL_PD_ARRAY=@ProtectionDomain[][isEmpty=true;size=0],
        ],
        user=@User[
            fullName=@String[u_shuxin_test@950C233D_AB6E_4AD9_AB28_F2766F074340.COM],
            shortName=@String[u_shuxin_test],
            authMethod=@AuthenticationMethod[KERBEROS],
            login=@HadoopLoginContext[org.apache.hadoop.security.UserGroupInformation$HadoopLoginContext@1b5bc2af],
            lastLogin=@Long[1774866003991],
        ],
        OS_LOGIN_MODULE_NAME=@String[com.sun.security.auth.module.UnixLoginModule],
        OS_PRINCIPAL_CLASS=@Class[
            ANNOTATION=@Integer[8192],
            ENUM=@Integer[16384],
            SYNTHETIC=@Integer[4096],
            cachedConstructor=null,
            newInstanceCallerCache=null,
            name=@String[com.sun.security.auth.UnixPrincipal],
            module=@Module[module jdk.security.auth],
            packageName=@String[com.sun.security.auth],
            componentType=@int[][isEmpty=true;size=0],
            allPermDomain=@ProtectionDomain[ProtectionDomain  null
 null
 <no principals>
 java.security.Permissions@1aec5904 (
 ("java.security.AllPermission" "<all permissions>" "<all actions>")
)

],
            reflectionData=null,
            classRedefinedCount=@Integer[0],
            genericInfo=null,
            EMPTY_CLASS_ARRAY=@Class[][isEmpty=true;size=0],
            serialVersionUID=@Long[3206093459760846163],
            serialPersistentFields=@ObjectStreamField[][isEmpty=true;size=0],
            reflectionFactory=@ReflectionFactory[jdk.internal.reflect.ReflectionFactory@15529995],
            enumConstants=null,
            enumConstantDirectory=null,
            annotationData=null,
            annotationType=null,
            classValueMap=null,
        ],
        windows=@Boolean[false],
        $assertionsDisabled=@Boolean[true],
    ],
    null,
]
method=org.apache.hadoop.security.UserGroupInformation.loginUserFromKeytabAndReturnUGI location=AtExit
ts=2026-03-30 18:20:04.045; [cost=47.605784ms] result=@ArrayList[
    @Object[][
        @String[u_shuxin_test],
        @String[/home/datac/tmp/kerberos/kerberos_b8902c72cfe8da622fafa0c1e5e6185b_028270b159163e287eeebb3fa7f8f328.keytab],
    ],
    @UserGroupInformation[
        LOG=@Logger[
            serialVersionUID=@Long[5454405123156820674],
            FQCN=@String[ch.qos.logback.classic.Logger],
            name=@String[org.apache.hadoop.security.UserGroupInformation],
            level=null,
            effectiveLevelInt=@Integer[20000],
            parent=@Logger[Logger[org.apache.hadoop.security]],
            childrenList=null,
            aai=null,
            additive=@Boolean[true],
            loggerContext=@LoggerContext[ch.qos.logback.classic.LoggerContext[cyber-worker]],
        ],
        TICKET_RENEW_WINDOW=@Float[0.8],
        shouldRenewImmediatelyForTests=@Boolean[false],
        HADOOP_USER_NAME=@String[HADOOP_USER_NAME],
        HADOOP_PROXY_USER=@String[HADOOP_PROXY_USER],
        metrics=@UgiMetrics[
            registry=@MetricsRegistry[MetricsRegistry{info=MetricsInfoImpl{name=UgiMetrics, description=UgiMetrics}, tags=[MetricsTag{info=MsInfo{name=Context, description=Metrics context}, value=ugi}], metrics=[Samples = 0  Min = 3.4028234663852886E38  Mean = 0.0  Std Dev = 0.0  Max = 1.401298464324817E-45, Samples = 0  Min = 3.4028234663852886E38  Mean = 0.0  Std Dev = 0.0  Max = 1.401298464324817E-45, Samples = 12  Min = 12.0  Mean = 36.583333333333336  Std Dev = 63.45715567263164  Max = 234.0, 0, 0]}],
            loginSuccess=@MutableRate[Samples = 12  Min = 12.0  Mean = 36.583333333333336  Std Dev = 63.45715567263164  Max = 234.0],
            loginFailure=@MutableRate[Samples = 0  Min = 3.4028234663852886E38  Mean = 0.0  Std Dev = 0.0  Max = 1.401298464324817E-45],
            getGroups=@MutableRate[Samples = 0  Min = 3.4028234663852886E38  Mean = 0.0  Std Dev = 0.0  Max = 1.401298464324817E-45],
            getGroupsQuantiles=null,
            renewalFailuresTotal=@MutableGaugeLong[0],
            renewalFailures=@MutableGaugeInt[0],
        ],
        authenticationMethod=@AuthenticationMethod[
            SIMPLE=@AuthenticationMethod[SIMPLE],
            KERBEROS=@AuthenticationMethod[KERBEROS],
            TOKEN=@AuthenticationMethod[TOKEN],
            CERTIFICATE=@AuthenticationMethod[CERTIFICATE],
            KERBEROS_SSL=@AuthenticationMethod[KERBEROS_SSL],
            PROXY=@AuthenticationMethod[PROXY],
            authMethod=@AuthMethod[KERBEROS],
            loginAppName=@String[hadoop-kerberos],
            $VALUES=@AuthenticationMethod[][isEmpty=false;size=6],
            name=@String[KERBEROS],
            ordinal=@Integer[1],
        ],
        groups=@Groups[
            LOG=@Logger[Logger[org.apache.hadoop.security.Groups]],
            impl=@JniBasedUnixGroupsMappingWithFallback[org.apache.hadoop.security.JniBasedUnixGroupsMappingWithFallback@3639b1f8],
            cache=@LocalLoadingCache[org.apache.hadoop.thirdparty.com.google.common.cache.LocalCache$LocalLoadingCache@da2684d],
            staticMapRef=@AtomicReference[{dr.who=[]}],
            cacheTimeout=@Long[300000],
            negativeCacheTimeout=@Long[30000],
            warningDeltaMs=@Long[5000],
            timer=@Timer[org.apache.hadoop.util.Timer@de99d2],
            negativeCache=@SetFromMap[isEmpty=true;size=0],
            reloadGroupsInBackground=@Boolean[false],
            reloadGroupsThreadCount=@Integer[3],
            backgroundRefreshSuccess=@AtomicLong[0],
            backgroundRefreshException=@AtomicLong[0],
            backgroundRefreshQueued=@AtomicLong[0],
            backgroundRefreshRunning=@AtomicLong[0],
            GROUPS=@Groups[org.apache.hadoop.security.Groups@a5ad72d],
        ],
        kerberosMinSecondsBeforeRelogin=@Long[60000],
        kerberosKeyTabLoginRenewalEnabled=@Boolean[true],
        kerberosLoginRenewalExecutor=@Optional[
            EMPTY=@Optional[Optional.empty],
            value=null,
        ],
        conf=@Configuration[
            LOG=@Logger[Logger[org.apache.hadoop.conf.Configuration]],
            LOG_DEPRECATION=@Logger[Logger[org.apache.hadoop.conf.Configuration.deprecation]],
            TAGS=@KeySetView[isEmpty=false;size=14],
            quietmode=@Boolean[true],
            DEFAULT_STRING_CHECK=@String[testingforemptydefaultvalue],
            restrictSystemPropsDefault=@Boolean[false],
            restrictSystemProps=@Boolean[false],
            allowNullValueProperties=@Boolean[false],
            resources=@ArrayList[isEmpty=true;size=0],
            UNKNOWN_RESOURCE=@String[Unknown],
            finalParameters=@SetFromMap[isEmpty=false;size=2],
            loadDefaults=@Boolean[true],
            REGISTRY=@WeakHashMap[isEmpty=false;size=36],
            propertyTagsMap=@ConcurrentHashMap[isEmpty=true;size=0],
            defaultResources=@CopyOnWriteArrayList[isEmpty=false;size=6],
            CACHE_CLASSES=@WeakHashMap[isEmpty=false;size=2],
            NEGATIVE_CACHE_SENTINEL=@Class[class org.apache.hadoop.conf.Configuration$NegativeCacheSentinel],
            updatingResource=@ConcurrentHashMap[isEmpty=false;size=964],
            XML_INPUT_FACTORY=@WstxInputFactory[org.apache.hadoop.shaded.com.ctc.wstx.stax.WstxInputFactory@5ddc2ca0],
            defaultDeprecations=@DeprecationDelta[][isEmpty=false;size=8],
            deprecationContext=@AtomicReference[org.apache.hadoop.conf.Configuration$DeprecationContext@706fe955],
            properties=@Properties[isEmpty=false;size=964],
            overlay=@Properties[isEmpty=false;size=4],
            classLoader=@TomcatEmbeddedWebappClassLoader[TomcatEmbeddedWebappClassLoader
  context: ROOT
  delegate: true
----------> Parent Classloader:
org.springframework.boot.loader.LaunchedURLClassLoader@1860f3be
],
            MAX_SUBST=@Integer[20],
            SUB_START_IDX=@Integer[0],
            SUB_END_IDX=@Integer[1],
            $assertionsDisabled=@Boolean[true],
        ],
        HADOOP_TOKEN_FILE_LOCATION=@String[HADOOP_TOKEN_FILE_LOCATION],
        HADOOP_TOKEN=@String[HADOOP_TOKEN],
        loginUserRef=@AtomicReference[
            serialVersionUID=@Long[-1848883965231344442],
            VALUE=@FieldInstanceReadWrite[java.lang.invoke.VarHandleObjects$FieldInstanceReadWrite@4bf8c13a],
            value=null,
        ],
        subject=@Subject[
            serialVersionUID=@Long[-8308522755600156056],
            principals=@SynchronizedSet[isEmpty=false;size=2],
            pubCredentials=@SynchronizedSet[isEmpty=true;size=0],
            privCredentials=@SynchronizedSet[isEmpty=false;size=2],
            readOnly=@Boolean[false],
            PRINCIPAL_SET=@Integer[1],
            PUB_CREDENTIAL_SET=@Integer[2],
            PRIV_CREDENTIAL_SET=@Integer[3],
            NULL_PD_ARRAY=@ProtectionDomain[][isEmpty=true;size=0],
        ],
        user=@User[
            fullName=@String[u_shuxin_test@950C233D_AB6E_4AD9_AB28_F2766F074340.COM],
            shortName=@String[u_shuxin_test],
            authMethod=@AuthenticationMethod[KERBEROS],
            login=@HadoopLoginContext[org.apache.hadoop.security.UserGroupInformation$HadoopLoginContext@67b73341],
            lastLogin=@Long[1774866004045],
        ],
        OS_LOGIN_MODULE_NAME=@String[com.sun.security.auth.module.UnixLoginModule],
        OS_PRINCIPAL_CLASS=@Class[
            ANNOTATION=@Integer[8192],
            ENUM=@Integer[16384],
            SYNTHETIC=@Integer[4096],
            cachedConstructor=null,
            newInstanceCallerCache=null,
            name=@String[com.sun.security.auth.UnixPrincipal],
            module=@Module[module jdk.security.auth],
            packageName=@String[com.sun.security.auth],
            componentType=@int[][isEmpty=true;size=0],
            allPermDomain=@ProtectionDomain[ProtectionDomain  null
 null
 <no principals>
 java.security.Permissions@1aec5904 (
 ("java.security.AllPermission" "<all permissions>" "<all actions>")
)

],
            reflectionData=null,
            classRedefinedCount=@Integer[0],
            genericInfo=null,
            EMPTY_CLASS_ARRAY=@Class[][isEmpty=true;size=0],
            serialVersionUID=@Long[3206093459760846163],
            serialPersistentFields=@ObjectStreamField[][isEmpty=true;size=0],
            reflectionFactory=@ReflectionFactory[jdk.internal.reflect.ReflectionFactory@15529995],
            enumConstants=null,
            enumConstantDirectory=null,
            annotationData=null,
            annotationType=null,
            classValueMap=null,
        ],
        windows=@Boolean[false],
        $assertionsDisabled=@Boolean[true],
    ],
    null,
]
[arthas@1]$ 
